#
# A fatal error has been detected by the Java Runtime Environment:
#
#  EXCEPTION_ACCESS_VIOLATION (0xc0000005) at pc=0x00007ffe0510d65a, pid=23772, tid=7300
#
# JRE version: OpenJDK Runtime Environment (17.0.2+8) (build 17.0.2+8-86)
# Java VM: OpenJDK 64-Bit Server VM (17.0.2+8-86, mixed mode, sharing, tiered, compressed oops, compressed class ptrs, g1 gc, windows-amd64)
# Problematic frame:
# V  [jvm.dll+0x73d65a]
#
# No core dump will be written. Minidumps are not enabled by default on client versions of Windows
#
# If you would like to submit a bug report, please visit:
#   https://bugreport.java.com/bugreport/crash.jsp
#

---------------  S U M M A R Y ------------

Command Line: -XX:+ShowCodeDetailsInExceptionMessages -agentlib:jdwp=transport=dt_socket,suspend=y,address=localhost:62072 --module-path=C:\openjfx-20.0.2_windows-x64_bin-sdk\javafx-sdk-20.0.2\lib --add-modules=javafx.controls,javafx.fxml -javaagent:C:\Users\Lenovo\eclipse\java-2023-06\eclipse\configuration\org.eclipse.osgi\248\0\.cp\lib\javaagent-shaded.jar -Dfile.encoding=windows-1252 --module-path=C:\openjfx-20.0.2_windows-x64_bin-sdk\javafx-sdk-20.0.2\lib\javafx.base.jar;C:\openjfx-20.0.2_windows-x64_bin-sdk\javafx-sdk-20.0.2\lib\javafx.controls.jar;C:\openjfx-20.0.2_windows-x64_bin-sdk\javafx-sdk-20.0.2\lib\javafx.fxml.jar;C:\openjfx-20.0.2_windows-x64_bin-sdk\javafx-sdk-20.0.2\lib\javafx.graphics.jar;C:\openjfx-20.0.2_windows-x64_bin-sdk\javafx-sdk-20.0.2\lib\javafx.media.jar;C:\openjfx-20.0.2_windows-x64_bin-sdk\javafx-sdk-20.0.2\lib\javafx.swing.jar;C:\openjfx-20.0.2_windows-x64_bin-sdk\javafx-sdk-20.0.2\lib\javafx.web.jar;C:\openjfx-20.0.2_windows-x64_bin-sdk\javafx-sdk-20.0.2\lib\javafx-swt.jar Main

Host: 11th Gen Intel(R) Core(TM) i7-1165G7 @ 2.80GHz, 8 cores, 11G,  Windows 11 , 64 bit Build 22621 (10.0.22621.2070)
Time: Tue Aug 22 20:48:57 2023 SE Asia Standard Time elapsed time: 414.644589 seconds (0d 0h 6m 54s)

---------------  T H R E A D  ---------------

Current thread (0x00000208fc507db0):  JavaThread "JDWP Transport Listener: dt_socket" daemon [_thread_in_vm, id=7300, stack(0x000000f16a300000,0x000000f16a400000)]

Stack: [0x000000f16a300000,0x000000f16a400000],  sp=0x000000f16a3ff1a0,  free space=1020k
Native frames: (J=compiled Java code, j=interpreted, Vv=VM code, C=native code)
V  [jvm.dll+0x73d65a]
V  [jvm.dll+0x504e0c]
V  [jvm.dll+0x4d0634]
C  [jdwp.dll+0x22e9f]


siginfo: EXCEPTION_ACCESS_VIOLATION (0xc0000005), reading address 0x00000000016d016f


Register to memory mapping:

RIP=0x00007ffe0510d65a jvm.dll
RAX=0x000000000000016a is an unknown value
RBX=0x00000208fb0b7d97 points into unknown readable memory: 00
RCX=0x00000000016d016b is an unknown value
RDX=0x00000208fc8b0370 points into unknown readable memory: 0x00003b6e69614d4c | 4c 4d 61 69 6e 3b 00 00
RSP=0x000000f16a3ff1a0 is pointing into the stack for thread: 0x00000208fc507db0
RBP=0x00000208fc3e74d0 points into unknown readable memory: 0x0000000000000002 | 02 00 00 00 00 00 00 00
RSI=0x0 is NULL
RDI=0xffffffffffffffff is an unknown value
R8 =0x000000000000002e is an unknown value
R9 =0x000000000000003b is an unknown value
R10=0x0 is NULL
R11=0x000000f16a3ff1c0 is pointing into the stack for thread: 0x00000208fc507db0
R12=0x000000f16a3ff2f8 is pointing into the stack for thread: 0x00000208fc507db0
R13=0x0 is NULL
R14=0x0000000800c06120 is a pointer to class: 
Main {0x0000000800c06128}
 - instance size:     12
 - klass size:        73
 - access:            public synchronized 
 - state:             fully_initialized
 - name:              'Main'
 - super:             'javafx/application/Application'
 - sub:               
 - arrays:            NULL
 - methods:           Array<T>(0x00000208840825a0)
 - method ordering:   Array<T>(0x00000208840830e0)
 - default_methods:   Array<T>(0x0000000000000000)
 - local interfaces:  Array<T>(0x00000208fb842980)
 - trans. interfaces: Array<T>(0x00000208fb844b58)
 - constants:         constant pool [423]/operands[14] {0x000002088408a9a8} for 'Main' cache=0x00000208840836e8
 - class loader data:  loader data: 0x00000208fbcba680 for instance a 'jdk/internal/loader/ClassLoaders$AppClassLoader'{0x000000074dc000d8}
 - source file:       'Main.java'
 - source debug extension:       SMAP
Main.java
Java
*S jdt
*F
1 Main.java
2 file:/C:/Users/Lenovo/eclipse-workspace/Java-6/bin/
*L
*E

 - class annotations:       Array<T>(0x0000000000000000)
 - class type annotations:  Array<T>(0x0000000000000000)
 - field annotations:       Array<T>(0x0000000000000000)
 - field type annotations:  Array<T>(0x0000000000000000)
 - previous version:  constant pool [411]/operands[14] {0x00000208fb841b70} for 'Main' (extra) cache=0x00000208fba61fc8
 - generic signature: '
[error occurred during error reporting (printing register info), id 0xc0000005, EXCEPTION_ACCESS_VIOLATION (0xc0000005) at pc=0x00007ffe0510e266]

Registers:
RAX=0x000000000000016a, RBX=0x00000208fb0b7d97, RCX=0x00000000016d016b, RDX=0x00000208fc8b0370
RSP=0x000000f16a3ff1a0, RBP=0x00000208fc3e74d0, RSI=0x0000000000000000, RDI=0xffffffffffffffff
R8 =0x000000000000002e, R9 =0x000000000000003b, R10=0x0000000000000000, R11=0x000000f16a3ff1c0
R12=0x000000f16a3ff2f8, R13=0x0000000000000000, R14=0x0000000800c06120, R15=0x000000f16a3ff348
RIP=0x00007ffe0510d65a, EFLAGS=0x0000000000010206

Top of Stack: (sp=0x000000f16a3ff1a0)
0x000000f16a3ff1a0:   0000000000000004 0000000800c06120
0x000000f16a3ff1b0:   00000208fc507db0 0000000000000000
0x000000f16a3ff1c0:   ffffffffffffffff 00007ffe04ed4e0c
0x000000f16a3ff1d0:   00000208fb0b7d97 00000208fb0b7d90
0x000000f16a3ff1e0:   00000208fc3e74d0 00000208fd503a00
0x000000f16a3ff1f0:   00000208fb0b7d70 00000000000003d8
0x000000f16a3ff200:   00000208fb0b7d80 00000208fb0b8158
0x000000f16a3ff210:   0000000000000002 000000f16a3ff2f8
0x000000f16a3ff220:   0000000000000000 0000000000000000
0x000000f16a3ff230:   000000074dd56210 00007ffe04ea0634
0x000000f16a3ff240:   00000208fc507db0 000000f16a3ff348
0x000000f16a3ff250:   00000208daad1820 000000f16a3ff348
0x000000f16a3ff260:   00000208fc507db0 0000000000000000
0x000000f16a3ff270:   0000020800000000 0000000000000000
0x000000f16a3ff280:   000000000000000d 00007ffe4a3d2e9f
0x000000f16a3ff290:   000000f16a3ff340 00007ffe4a3e1830 

Instructions: (pc=0x00007ffe0510d65a)
0x00007ffe0510d55a:   48 83 c4 20 5f e9 8c 75 96 ff cc cc cc cc cc cc
0x00007ffe0510d56a:   cc cc cc cc cc cc 48 89 5c 24 08 57 48 83 ec 20
0x00007ffe0510d57a:   83 fa 02 8d 42 06 b9 08 00 00 00 49 8b d8 0f 4e
0x00007ffe0510d58a:   c1 48 63 c8 48 83 c1 07 83 e1 f8 48 63 f9 49 8b
0x00007ffe0510d59a:   48 18 48 8b c7 48 f7 d0 48 3b c1 73 16 4c 8d 05
0x00007ffe0510d5aa:   8a 52 17 00 48 8b d7 48 8b cb e8 97 d8 96 ff 48
0x00007ffe0510d5ba:   8b 4b 18 48 8d 04 39 48 3b 43 20 76 18 45 33 c0
0x00007ffe0510d5ca:   48 8b d7 48 8b cb 48 8b 5c 24 30 48 83 c4 20 5f
0x00007ffe0510d5da:   e9 f1 d4 96 ff 48 89 43 18 48 8b c1 48 8b 5c 24
0x00007ffe0510d5ea:   30 48 83 c4 20 5f c3 cc cc cc cc cc cc cc cc cc
0x00007ffe0510d5fa:   cc cc cc cc cc cc 4c 8b d2 4c 8b d9 45 85 c0 7e
0x00007ffe0510d60a:   3c 44 0f b7 49 04 41 8d 40 ff 41 3b c1 44 0f 4c
0x00007ffe0510d61a:   c8 4d 63 c1 45 85 c9 7e 1f 48 8b c2 4c 2b da 49
0x00007ffe0510d62a:   8b d0 0f 1f 40 00 41 0f b6 4c 03 06 88 08 48 8d
0x00007ffe0510d63a:   40 01 48 83 ea 01 75 ee 43 c6 04 10 00 49 8b c2
0x00007ffe0510d64a:   c3 cc cc cc cc cc 48 89 5c 24 08 57 48 83 ec 20
0x00007ffe0510d65a:   0f b7 59 04 48 8b f9 33 d2 48 8d 4b 01 e8 44 96
0x00007ffe0510d66a:   f8 ff 0f b7 57 04 4c 8b c0 3b da 0f 42 d3 44 8b
0x00007ffe0510d67a:   ca 85 d2 74 39 48 2b f8 0f 1f 40 00 66 66 0f 1f
0x00007ffe0510d68a:   84 00 00 00 00 00 0f b6 4c 07 06 88 08 48 ff c0
0x00007ffe0510d69a:   48 8b c8 49 2b c8 49 3b c9 7c eb 42 c6 04 02 00
0x00007ffe0510d6aa:   49 8b c0 48 8b 5c 24 30 48 83 c4 20 5f c3 48 8b
0x00007ffe0510d6ba:   5c 24 30 c6 04 02 00 48 83 c4 20 5f c3 cc cc cc
0x00007ffe0510d6ca:   cc cc cc cc cc cc 4c 8b d1 45 85 c0 7e 6c 44 0f
0x00007ffe0510d6da:   b7 49 04 41 8d 40 ff 41 3b c1 44 0f 4c c8 4d 63
0x00007ffe0510d6ea:   d9 45 85 c9 7e 22 48 8b ca 4c 2b d2 4d 8b c3 0f
0x00007ffe0510d6fa:   1f 80 00 00 00 00 41 0f b6 44 0a 06 88 01 48 8d
0x00007ffe0510d70a:   49 01 49 83 e8 01 75 ee 41 c6 04 13 00 48 c7 c0
0x00007ffe0510d71a:   ff ff ff ff 66 90 48 ff c0 80 3c 02 00 75 f7 48
0x00007ffe0510d72a:   63 c8 85 c0 48 8b c2 7e 14 80 38 2f 75 03 c6 00
0x00007ffe0510d73a:   2e 48 ff c0 48 83 e9 01 75 ef 48 8b c2 c3 cc cc
0x00007ffe0510d74a:   cc cc cc cc cc cc 48 83 ec 28 e8 f7 fe ff ff 4c 


Stack slot to memory mapping:
stack at sp + 0 slots: 0x0000000000000004 is an unknown value
stack at sp + 1 slots: 0x0000000800c06120 is a pointer to class: 
Main {0x0000000800c06128}
 - instance size:     12
 - klass size:        73
 - access:            public synchronized 
 - state:             fully_initialized
 - name:              'Main'
 - super:             'javafx/application/Application'
 - sub:               
 - arrays:            NULL
 - methods:           Array<T>(0x00000208840825a0)
 - method ordering:   Array<T>(0x00000208840830e0)
 - default_methods:   Array<T>(0x0000000000000000)
 - local interfaces:  Array<T>(0x00000208fb842980)
 - trans. interfaces: Array<T>(0x00000208fb844b58)
 - constants:         constant pool [423]/operands[14] {0x000002088408a9a8} for 'Main' cache=0x00000208840836e8
 - class loader data:  loader data: 0x00000208fbcba680 for instance a 'jdk/internal/loader/ClassLoaders$AppClassLoader'{0x000000074dc000d8}
 - source file:       'Main.java'
 - source debug extension:       SMAP
Main.java
Java
*S jdt
*F
1 Main.java
2 file:/C:/Users/Lenovo/eclipse-workspace/Java-6/bin/
*L
*E

 - class annotations:       Array<T>(0x0000000000000000)
 - class type annotations:  Array<T>(0x0000000000000000)
 - field annotations:       Array<T>(0x0000000000000000)
 - field type annotations:  Array<T>(0x0000000000000000)
 - previous version:  constant pool [411]/operands[14] {0x00000208fb841b70} for 'Main' (extra) cache=0x00000208fba61fc8
 - generic signature: '
[error occurred during error reporting (inspecting top of stack), id 0xc0000005, EXCEPTION_ACCESS_VIOLATION (0xc0000005) at pc=0x00007ffe0510e266]


---------------  P R O C E S S  ---------------

Threads class SMR info:
_java_thread_list=0x00000208fca5d800, length=17, elements={
0x00000208daae2860, 0x00000208fb083420, 0x00000208fb083ee0, 0x00000208fb097420,
0x00000208fb099df0, 0x00000208fb09ae50, 0x00000208fb09beb0, 0x00000208fb0a0c00,
0x00000208fb0a1d50, 0x00000208fb0b6880, 0x00000208fb068900, 0x00000208fc507db0,
0x00000208fc4628f0, 0x00000208fc463310, 0x00000208fbcd5c40, 0x00000208fc7ac2f0,
0x00000208fca5f320
}

Java Threads: ( => current thread )
  0x00000208daae2860 JavaThread "main" [_thread_blocked, id=5312, stack(0x000000f169000000,0x000000f169100000)]
  0x00000208fb083420 JavaThread "Reference Handler" daemon [_thread_blocked, id=19412, stack(0x000000f169700000,0x000000f169800000)]
  0x00000208fb083ee0 JavaThread "Finalizer" daemon [_thread_blocked, id=24744, stack(0x000000f169800000,0x000000f169900000)]
  0x00000208fb097420 JavaThread "Signal Dispatcher" daemon [_thread_blocked, id=7700, stack(0x000000f169900000,0x000000f169a00000)]
  0x00000208fb099df0 JavaThread "Attach Listener" daemon [_thread_blocked, id=21084, stack(0x000000f169a00000,0x000000f169b00000)]
  0x00000208fb09ae50 JavaThread "Service Thread" daemon [_thread_blocked, id=10572, stack(0x000000f169b00000,0x000000f169c00000)]
  0x00000208fb09beb0 JavaThread "Monitor Deflation Thread" daemon [_thread_blocked, id=18928, stack(0x000000f169c00000,0x000000f169d00000)]
  0x00000208fb0a0c00 JavaThread "C2 CompilerThread0" daemon [_thread_blocked, id=16744, stack(0x000000f169d00000,0x000000f169e00000)]
  0x00000208fb0a1d50 JavaThread "C1 CompilerThread0" daemon [_thread_blocked, id=13724, stack(0x000000f169e00000,0x000000f169f00000)]
  0x00000208fb0b6880 JavaThread "Sweeper thread" daemon [_thread_blocked, id=3240, stack(0x000000f169f00000,0x000000f16a000000)]
  0x00000208fb068900 JavaThread "Common-Cleaner" daemon [_thread_blocked, id=21268, stack(0x000000f16a000000,0x000000f16a100000)]
=>0x00000208fc507db0 JavaThread "JDWP Transport Listener: dt_socket" daemon [_thread_in_vm, id=7300, stack(0x000000f16a300000,0x000000f16a400000)]
  0x00000208fc4628f0 JavaThread "JDWP Event Helper Thread" daemon [_thread_blocked, id=14844, stack(0x000000f16a400000,0x000000f16a500000)]
  0x00000208fc463310 JavaThread "JDWP Command Reader" daemon [_thread_in_native, id=1788, stack(0x000000f16a500000,0x000000f16a600000)]
  0x00000208fbcd5c40 JavaThread "Notification Thread" daemon [_thread_blocked, id=15616, stack(0x000000f16a200000,0x000000f16a300000)]
  0x00000208fc7ac2f0 JavaThread "InvokeLaterDispatcher" daemon [_thread_blocked, id=22476, stack(0x000000f16ae00000,0x000000f16af00000)]
  0x00000208fca5f320 JavaThread "Thread-1" daemon [_thread_in_native, id=25200, stack(0x000000f16b300000,0x000000f16b400000)]

Other Threads:
  0x00000208fb077ea0 VMThread "VM Thread" [stack: 0x000000f169600000,0x000000f169700000] [id=5272]
  0x00000208fbdaa840 WatcherThread [stack: 0x000000f16a600000,0x000000f16a700000] [id=8076]
  0x00000208dab255b0 GCTaskThread "GC Thread#0" [stack: 0x000000f169100000,0x000000f169200000] [id=5696]
  0x00000208fc7bdbd0 GCTaskThread "GC Thread#1" [stack: 0x000000f16a800000,0x000000f16a900000] [id=23864]
  0x00000208fc7bde80 GCTaskThread "GC Thread#2" [stack: 0x000000f16a900000,0x000000f16aa00000] [id=20204]
  0x00000208fc7be130 GCTaskThread "GC Thread#3" [stack: 0x000000f16aa00000,0x000000f16ab00000] [id=17660]
  0x00000208fc7c65a0 GCTaskThread "GC Thread#4" [stack: 0x000000f16ab00000,0x000000f16ac00000] [id=17380]
  0x00000208fc816020 GCTaskThread "GC Thread#5" [stack: 0x000000f16ac00000,0x000000f16ad00000] [id=22356]
  0x00000208fc8162d0 GCTaskThread "GC Thread#6" [stack: 0x000000f16ad00000,0x000000f16ae00000] [id=5212]
  0x00000208dab330a0 ConcurrentGCThread "G1 Main Marker" [stack: 0x000000f169200000,0x000000f169300000] [id=23300]
  0x00000208dab339c0 ConcurrentGCThread "G1 Conc#0" [stack: 0x000000f169300000,0x000000f169400000] [id=12640]
  0x00000208faf400a0 ConcurrentGCThread "G1 Refine#0" [stack: 0x000000f169400000,0x000000f169500000] [id=4324]
  0x00000208faf409d0 ConcurrentGCThread "G1 Service" [stack: 0x000000f169500000,0x000000f169600000] [id=6348]

Threads with active compile tasks:

VM state: not at safepoint (normal execution)

VM Mutex/Monitor currently owned by a thread: None

Heap address: 0x0000000743600000, size: 3018 MB, Compressed Oops mode: Zero based, Oop shift amount: 3

CDS archive(s) mapped at: [0x0000000800000000-0x0000000800bc0000-0x0000000800bc0000), size 12320768, SharedBaseAddress: 0x0000000800000000, ArchiveRelocationMode: 0.
Compressed class space mapped at: 0x0000000800c00000-0x0000000840c00000, reserved size: 1073741824
Narrow klass base: 0x0000000800000000, Narrow klass shift: 0, Narrow klass range: 0x100000000

GC Precious Log:
 CPUs: 8 total, 8 available
 Memory: 12071M
 Large Page Support: Disabled
 NUMA Support: Disabled
 Compressed Oops: Enabled (Zero based)
 Heap Region Size: 2M
 Heap Min Capacity: 8M
 Heap Initial Capacity: 190M
 Heap Max Capacity: 3018M
 Pre-touch: Disabled
 Parallel Workers: 8
 Concurrent Workers: 2
 Concurrent Refinement Workers: 8
 Periodic GC: Disabled

Heap:
 garbage-first heap   total 194560K, used 39424K [0x0000000743600000, 0x0000000800000000)
  region size 2048K, 21 young (43008K), 2 survivors (4096K)
 Metaspace       used 8920K, committed 9024K, reserved 1064960K
  class space    used 1110K, committed 1152K, reserved 1048576K

Heap Regions: E=young(eden), S=young(survivor), O=old, HS=humongous(starts), HC=humongous(continues), CS=collection set, F=free, OA=open archive, CA=closed archive, TAMS=top-at-mark-start (previous, next)
|   0|0x0000000743600000, 0x0000000743600000, 0x0000000743800000|  0%| F|  |TAMS 0x0000000743600000, 0x0000000743600000| Untracked 
|   1|0x0000000743800000, 0x0000000743800000, 0x0000000743a00000|  0%| F|  |TAMS 0x0000000743800000, 0x0000000743800000| Untracked 
|   2|0x0000000743a00000, 0x0000000743a00000, 0x0000000743c00000|  0%| F|  |TAMS 0x0000000743a00000, 0x0000000743a00000| Untracked 
|   3|0x0000000743c00000, 0x0000000743c00000, 0x0000000743e00000|  0%| F|  |TAMS 0x0000000743c00000, 0x0000000743c00000| Untracked 
|   4|0x0000000743e00000, 0x0000000743e00000, 0x0000000744000000|  0%| F|  |TAMS 0x0000000743e00000, 0x0000000743e00000| Untracked 
|   5|0x0000000744000000, 0x0000000744000000, 0x0000000744200000|  0%| F|  |TAMS 0x0000000744000000, 0x0000000744000000| Untracked 
|   6|0x0000000744200000, 0x0000000744200000, 0x0000000744400000|  0%| F|  |TAMS 0x0000000744200000, 0x0000000744200000| Untracked 
|   7|0x0000000744400000, 0x0000000744400000, 0x0000000744600000|  0%| F|  |TAMS 0x0000000744400000, 0x0000000744400000| Untracked 
|   8|0x0000000744600000, 0x0000000744600000, 0x0000000744800000|  0%| F|  |TAMS 0x0000000744600000, 0x0000000744600000| Untracked 
|   9|0x0000000744800000, 0x0000000744800000, 0x0000000744a00000|  0%| F|  |TAMS 0x0000000744800000, 0x0000000744800000| Untracked 
|  10|0x0000000744a00000, 0x0000000744a00000, 0x0000000744c00000|  0%| F|  |TAMS 0x0000000744a00000, 0x0000000744a00000| Untracked 
|  11|0x0000000744c00000, 0x0000000744c00000, 0x0000000744e00000|  0%| F|  |TAMS 0x0000000744c00000, 0x0000000744c00000| Untracked 
|  12|0x0000000744e00000, 0x0000000744e00000, 0x0000000745000000|  0%| F|  |TAMS 0x0000000744e00000, 0x0000000744e00000| Untracked 
|  13|0x0000000745000000, 0x0000000745000000, 0x0000000745200000|  0%| F|  |TAMS 0x0000000745000000, 0x0000000745000000| Untracked 
|  14|0x0000000745200000, 0x0000000745200000, 0x0000000745400000|  0%| F|  |TAMS 0x0000000745200000, 0x0000000745200000| Untracked 
|  15|0x0000000745400000, 0x0000000745400000, 0x0000000745600000|  0%| F|  |TAMS 0x0000000745400000, 0x0000000745400000| Untracked 
|  16|0x0000000745600000, 0x0000000745600000, 0x0000000745800000|  0%| F|  |TAMS 0x0000000745600000, 0x0000000745600000| Untracked 
|  17|0x0000000745800000, 0x0000000745800000, 0x0000000745a00000|  0%| F|  |TAMS 0x0000000745800000, 0x0000000745800000| Untracked 
|  18|0x0000000745a00000, 0x0000000745a00000, 0x0000000745c00000|  0%| F|  |TAMS 0x0000000745a00000, 0x0000000745a00000| Untracked 
|  19|0x0000000745c00000, 0x0000000745c00000, 0x0000000745e00000|  0%| F|  |TAMS 0x0000000745c00000, 0x0000000745c00000| Untracked 
|  20|0x0000000745e00000, 0x0000000745e00000, 0x0000000746000000|  0%| F|  |TAMS 0x0000000745e00000, 0x0000000745e00000| Untracked 
|  21|0x0000000746000000, 0x0000000746000000, 0x0000000746200000|  0%| F|  |TAMS 0x0000000746000000, 0x0000000746000000| Untracked 
|  22|0x0000000746200000, 0x0000000746200000, 0x0000000746400000|  0%| F|  |TAMS 0x0000000746200000, 0x0000000746200000| Untracked 
|  23|0x0000000746400000, 0x0000000746400000, 0x0000000746600000|  0%| F|  |TAMS 0x0000000746400000, 0x0000000746400000| Untracked 
|  24|0x0000000746600000, 0x0000000746600000, 0x0000000746800000|  0%| F|  |TAMS 0x0000000746600000, 0x0000000746600000| Untracked 
|  25|0x0000000746800000, 0x0000000746800000, 0x0000000746a00000|  0%| F|  |TAMS 0x0000000746800000, 0x0000000746800000| Untracked 
|  26|0x0000000746a00000, 0x0000000746a00000, 0x0000000746c00000|  0%| F|  |TAMS 0x0000000746a00000, 0x0000000746a00000| Untracked 
|  27|0x0000000746c00000, 0x0000000746c00000, 0x0000000746e00000|  0%| F|  |TAMS 0x0000000746c00000, 0x0000000746c00000| Untracked 
|  28|0x0000000746e00000, 0x0000000746e00000, 0x0000000747000000|  0%| F|  |TAMS 0x0000000746e00000, 0x0000000746e00000| Untracked 
|  29|0x0000000747000000, 0x0000000747000000, 0x0000000747200000|  0%| F|  |TAMS 0x0000000747000000, 0x0000000747000000| Untracked 
|  30|0x0000000747200000, 0x0000000747200000, 0x0000000747400000|  0%| F|  |TAMS 0x0000000747200000, 0x0000000747200000| Untracked 
|  31|0x0000000747400000, 0x0000000747400000, 0x0000000747600000|  0%| F|  |TAMS 0x0000000747400000, 0x0000000747400000| Untracked 
|  32|0x0000000747600000, 0x0000000747600000, 0x0000000747800000|  0%| F|  |TAMS 0x0000000747600000, 0x0000000747600000| Untracked 
|  33|0x0000000747800000, 0x0000000747800000, 0x0000000747a00000|  0%| F|  |TAMS 0x0000000747800000, 0x0000000747800000| Untracked 
|  34|0x0000000747a00000, 0x0000000747a00000, 0x0000000747c00000|  0%| F|  |TAMS 0x0000000747a00000, 0x0000000747a00000| Untracked 
|  35|0x0000000747c00000, 0x0000000747c00000, 0x0000000747e00000|  0%| F|  |TAMS 0x0000000747c00000, 0x0000000747c00000| Untracked 
|  36|0x0000000747e00000, 0x0000000747e00000, 0x0000000748000000|  0%| F|  |TAMS 0x0000000747e00000, 0x0000000747e00000| Untracked 
|  37|0x0000000748000000, 0x0000000748000000, 0x0000000748200000|  0%| F|  |TAMS 0x0000000748000000, 0x0000000748000000| Untracked 
|  38|0x0000000748200000, 0x0000000748200000, 0x0000000748400000|  0%| F|  |TAMS 0x0000000748200000, 0x0000000748200000| Untracked 
|  39|0x0000000748400000, 0x0000000748400000, 0x0000000748600000|  0%| F|  |TAMS 0x0000000748400000, 0x0000000748400000| Untracked 
|  40|0x0000000748600000, 0x0000000748600000, 0x0000000748800000|  0%| F|  |TAMS 0x0000000748600000, 0x0000000748600000| Untracked 
|  41|0x0000000748800000, 0x0000000748800000, 0x0000000748a00000|  0%| F|  |TAMS 0x0000000748800000, 0x0000000748800000| Untracked 
|  42|0x0000000748a00000, 0x0000000748a00000, 0x0000000748c00000|  0%| F|  |TAMS 0x0000000748a00000, 0x0000000748a00000| Untracked 
|  43|0x0000000748c00000, 0x0000000748c00000, 0x0000000748e00000|  0%| F|  |TAMS 0x0000000748c00000, 0x0000000748c00000| Untracked 
|  44|0x0000000748e00000, 0x0000000748e00000, 0x0000000749000000|  0%| F|  |TAMS 0x0000000748e00000, 0x0000000748e00000| Untracked 
|  45|0x0000000749000000, 0x0000000749000000, 0x0000000749200000|  0%| F|  |TAMS 0x0000000749000000, 0x0000000749000000| Untracked 
|  46|0x0000000749200000, 0x0000000749200000, 0x0000000749400000|  0%| F|  |TAMS 0x0000000749200000, 0x0000000749200000| Untracked 
|  47|0x0000000749400000, 0x0000000749400000, 0x0000000749600000|  0%| F|  |TAMS 0x0000000749400000, 0x0000000749400000| Untracked 
|  48|0x0000000749600000, 0x0000000749600000, 0x0000000749800000|  0%| F|  |TAMS 0x0000000749600000, 0x0000000749600000| Untracked 
|  49|0x0000000749800000, 0x0000000749800000, 0x0000000749a00000|  0%| F|  |TAMS 0x0000000749800000, 0x0000000749800000| Untracked 
|  50|0x0000000749a00000, 0x0000000749a00000, 0x0000000749c00000|  0%| F|  |TAMS 0x0000000749a00000, 0x0000000749a00000| Untracked 
|  51|0x0000000749c00000, 0x0000000749c00000, 0x0000000749e00000|  0%| F|  |TAMS 0x0000000749c00000, 0x0000000749c00000| Untracked 
|  52|0x0000000749e00000, 0x0000000749e00000, 0x000000074a000000|  0%| F|  |TAMS 0x0000000749e00000, 0x0000000749e00000| Untracked 
|  53|0x000000074a000000, 0x000000074a000000, 0x000000074a200000|  0%| F|  |TAMS 0x000000074a000000, 0x000000074a000000| Untracked 
|  54|0x000000074a200000, 0x000000074a200000, 0x000000074a400000|  0%| F|  |TAMS 0x000000074a200000, 0x000000074a200000| Untracked 
|  55|0x000000074a400000, 0x000000074a400000, 0x000000074a600000|  0%| F|  |TAMS 0x000000074a400000, 0x000000074a400000| Untracked 
|  56|0x000000074a600000, 0x000000074a600000, 0x000000074a800000|  0%| F|  |TAMS 0x000000074a600000, 0x000000074a600000| Untracked 
|  57|0x000000074a800000, 0x000000074a800000, 0x000000074aa00000|  0%| F|  |TAMS 0x000000074a800000, 0x000000074a800000| Untracked 
|  58|0x000000074aa00000, 0x000000074aa00000, 0x000000074ac00000|  0%| F|  |TAMS 0x000000074aa00000, 0x000000074aa00000| Untracked 
|  59|0x000000074ac00000, 0x000000074ac00000, 0x000000074ae00000|  0%| F|  |TAMS 0x000000074ac00000, 0x000000074ac00000| Untracked 
|  60|0x000000074ae00000, 0x000000074ae00000, 0x000000074b000000|  0%| F|  |TAMS 0x000000074ae00000, 0x000000074ae00000| Untracked 
|  61|0x000000074b000000, 0x000000074b000000, 0x000000074b200000|  0%| F|  |TAMS 0x000000074b000000, 0x000000074b000000| Untracked 
|  62|0x000000074b200000, 0x000000074b200000, 0x000000074b400000|  0%| F|  |TAMS 0x000000074b200000, 0x000000074b200000| Untracked 
|  63|0x000000074b400000, 0x000000074b400000, 0x000000074b600000|  0%| F|  |TAMS 0x000000074b400000, 0x000000074b400000| Untracked 
|  64|0x000000074b600000, 0x000000074b600000, 0x000000074b800000|  0%| F|  |TAMS 0x000000074b600000, 0x000000074b600000| Untracked 
|  65|0x000000074b800000, 0x000000074b800000, 0x000000074ba00000|  0%| F|  |TAMS 0x000000074b800000, 0x000000074b800000| Untracked 
|  66|0x000000074ba00000, 0x000000074ba00000, 0x000000074bc00000|  0%| F|  |TAMS 0x000000074ba00000, 0x000000074ba00000| Untracked 
|  67|0x000000074bc00000, 0x000000074bc00000, 0x000000074be00000|  0%| F|  |TAMS 0x000000074bc00000, 0x000000074bc00000| Untracked 
|  68|0x000000074be00000, 0x000000074be00000, 0x000000074c000000|  0%| F|  |TAMS 0x000000074be00000, 0x000000074be00000| Untracked 
|  69|0x000000074c000000, 0x000000074c000000, 0x000000074c200000|  0%| F|  |TAMS 0x000000074c000000, 0x000000074c000000| Untracked 
|  70|0x000000074c200000, 0x000000074c200000, 0x000000074c400000|  0%| F|  |TAMS 0x000000074c200000, 0x000000074c200000| Untracked 
|  71|0x000000074c400000, 0x000000074c400000, 0x000000074c600000|  0%| F|  |TAMS 0x000000074c400000, 0x000000074c400000| Untracked 
|  72|0x000000074c600000, 0x000000074c600000, 0x000000074c800000|  0%| F|  |TAMS 0x000000074c600000, 0x000000074c600000| Untracked 
|  73|0x000000074c800000, 0x000000074c800000, 0x000000074ca00000|  0%| F|  |TAMS 0x000000074c800000, 0x000000074c800000| Untracked 
|  74|0x000000074ca00000, 0x000000074cac4e00, 0x000000074cc00000| 38%| E|  |TAMS 0x000000074ca00000, 0x000000074ca00000| Complete 
|  75|0x000000074cc00000, 0x000000074ce00000, 0x000000074ce00000|100%| E|CS|TAMS 0x000000074cc00000, 0x000000074cc00000| Complete 
|  76|0x000000074ce00000, 0x000000074d000000, 0x000000074d000000|100%| E|CS|TAMS 0x000000074ce00000, 0x000000074ce00000| Complete 
|  77|0x000000074d000000, 0x000000074d200000, 0x000000074d200000|100%| E|CS|TAMS 0x000000074d000000, 0x000000074d000000| Complete 
|  78|0x000000074d200000, 0x000000074d400000, 0x000000074d400000|100%| E|CS|TAMS 0x000000074d200000, 0x000000074d200000| Complete 
|  79|0x000000074d400000, 0x000000074d600000, 0x000000074d600000|100%| E|CS|TAMS 0x000000074d400000, 0x000000074d400000| Complete 
|  80|0x000000074d600000, 0x000000074d800000, 0x000000074d800000|100%| E|CS|TAMS 0x000000074d600000, 0x000000074d600000| Complete 
|  81|0x000000074d800000, 0x000000074da00000, 0x000000074da00000|100%| E|CS|TAMS 0x000000074d800000, 0x000000074d800000| Complete 
|  82|0x000000074da00000, 0x000000074da80000, 0x000000074dc00000| 25%| S|CS|TAMS 0x000000074da00000, 0x000000074da00000| Complete 
|  83|0x000000074dc00000, 0x000000074de00000, 0x000000074de00000|100%| S|CS|TAMS 0x000000074dc00000, 0x000000074dc00000| Complete 
|  84|0x000000074de00000, 0x000000074e000000, 0x000000074e000000|100%| E|CS|TAMS 0x000000074de00000, 0x000000074de00000| Complete 
|  85|0x000000074e000000, 0x000000074e200000, 0x000000074e200000|100%| E|CS|TAMS 0x000000074e000000, 0x000000074e000000| Complete 
|  86|0x000000074e200000, 0x000000074e400000, 0x000000074e400000|100%| E|CS|TAMS 0x000000074e200000, 0x000000074e200000| Complete 
|  87|0x000000074e400000, 0x000000074e600000, 0x000000074e600000|100%| E|CS|TAMS 0x000000074e400000, 0x000000074e400000| Complete 
|  88|0x000000074e600000, 0x000000074e800000, 0x000000074e800000|100%| E|CS|TAMS 0x000000074e600000, 0x000000074e600000| Complete 
|  89|0x000000074e800000, 0x000000074ea00000, 0x000000074ea00000|100%| E|CS|TAMS 0x000000074e800000, 0x000000074e800000| Complete 
|  90|0x000000074ea00000, 0x000000074ec00000, 0x000000074ec00000|100%| E|CS|TAMS 0x000000074ea00000, 0x000000074ea00000| Complete 
|  91|0x000000074ec00000, 0x000000074ee00000, 0x000000074ee00000|100%| E|CS|TAMS 0x000000074ec00000, 0x000000074ec00000| Complete 
|  92|0x000000074ee00000, 0x000000074f000000, 0x000000074f000000|100%| E|CS|TAMS 0x000000074ee00000, 0x000000074ee00000| Complete 
|  93|0x000000074f000000, 0x000000074f200000, 0x000000074f200000|100%| E|CS|TAMS 0x000000074f000000, 0x000000074f000000| Complete 
|  94|0x000000074f200000, 0x000000074f400000, 0x000000074f400000|100%| E|CS|TAMS 0x000000074f200000, 0x000000074f200000| Complete 

Card table byte_map: [0x00000208f1c40000,0x00000208f2230000] _byte_map_base: 0x00000208ee225000

Marking Bits (Prev, Next): (CMBitMap*) 0x00000208dab26ae0, (CMBitMap*) 0x00000208dab26b20
 Prev Bits: [0x00000208f2820000, 0x00000208f5748000)
 Next Bits: [0x00000208f5750000, 0x00000208f8678000)

Polling page: 0x00000208d8a50000

Metaspace:

Usage:
  Non-class:      7.63 MB used.
      Class:      1.08 MB used.
       Both:      8.71 MB used.

Virtual space:
  Non-class space:       16.00 MB reserved,       7.69 MB ( 48%) committed,  2 nodes.
      Class space:        1.00 GB reserved,       1.12 MB ( <1%) committed,  1 nodes.
             Both:        1.02 GB reserved,       8.81 MB ( <1%) committed. 

Chunk freelists:
   Non-Class:  3.44 MB
       Class:  2.88 MB
        Both:  6.31 MB

MaxMetaspaceSize: unlimited
CompressedClassSpaceSize: 1.00 GB
Initial GC threshold: 21.00 MB
Current GC threshold: 21.00 MB
CDS: on
MetaspaceReclaimPolicy: balanced
 - commit_granule_bytes: 65536.
 - commit_granule_words: 8192.
 - virtual_space_node_default_size: 1048576.
 - enlarge_chunks_in_place: 1.
 - new_chunks_are_fully_committed: 0.
 - uncommit_free_chunks: 1.
 - use_allocation_guard: 0.
 - handle_deallocations: 1.


Internal statistics:

num_allocs_failed_limit: 0.
num_arena_births: 94.
num_arena_deaths: 0.
num_vsnodes_births: 3.
num_vsnodes_deaths: 0.
num_space_committed: 141.
num_space_uncommitted: 0.
num_chunks_returned_to_freelist: 0.
num_chunks_taken_from_freelist: 341.
num_chunk_merges: 0.
num_chunk_splits: 235.
num_chunks_enlarged: 184.
num_purges: 0.
num_inconsistent_stats: 0.

CodeHeap 'non-profiled nmethods': size=120000Kb used=679Kb max_used=679Kb free=119320Kb
 bounds [0x00000208e9df0000, 0x00000208ea060000, 0x00000208f1320000]
CodeHeap 'profiled nmethods': size=120000Kb used=2319Kb max_used=2319Kb free=117680Kb
 bounds [0x00000208e28c0000, 0x00000208e2b30000, 0x00000208e9df0000]
CodeHeap 'non-nmethods': size=5760Kb used=1328Kb max_used=1416Kb free=4431Kb
 bounds [0x00000208e2320000, 0x00000208e2590000, 0x00000208e28c0000]
 total_blobs=1855 nmethods=1290 adapters=478
 compilation: enabled
              stopped_count=0, restarted_count=0
 full_count=0

Compilation events (20 events):
Event: 0.945 Thread 0x00000208fb0a1d50 nmethod 1293 0x00000208e2b01d90 code [0x00000208e2b01f40, 0x00000208e2b02338]
Event: 0.945 Thread 0x00000208fb0a1d50 1294       3       java.lang.invoke.DirectMethodHandle::preparedLambdaForm (6 bytes)
Event: 0.945 Thread 0x00000208fb0a1d50 nmethod 1294 0x00000208e2b02410 code [0x00000208e2b025a0, 0x00000208e2b026c8]
Event: 0.945 Thread 0x00000208fb0a1d50 1295       3       java.lang.ref.SoftReference::<init> (13 bytes)
Event: 0.946 Thread 0x00000208fb0a1d50 nmethod 1295 0x00000208e2b02790 code [0x00000208e2b02940, 0x00000208e2b02c78]
Event: 0.949 Thread 0x00000208fb0a1d50 1296       3       java.lang.invoke.DirectMethodHandle$Holder::newInvokeSpecial (21 bytes)
Event: 0.949 Thread 0x00000208fb0a1d50 nmethod 1296 0x00000208e2b02d90 code [0x00000208e2b02f80, 0x00000208e2b03748]
Event: 1.094 Thread 0x00000208fd2b0390 nmethod 1144% 0x00000208e9e6b690 code [0x00000208e9e6bac0, 0x00000208e9e73d78]
Event: 1.095 Thread 0x00000208fd2b0390 1143       4       org.eclipse.jdt.launching.internal.org.objectweb.asm.MethodWriter::canCopyMethodAttributes (163 bytes)
Event: 1.100 Thread 0x00000208fd2b0390 nmethod 1143 0x00000208e9e78590 code [0x00000208e9e78720, 0x00000208e9e78c98]
Event: 1.100 Thread 0x00000208fd2b0390 1235  s    4       java.io.ByteArrayInputStream::read (36 bytes)
Event: 1.101 Thread 0x00000208fd2b0390 nmethod 1235 0x00000208e9e79110 code [0x00000208e9e79280, 0x00000208e9e79478]
Event: 1.101 Thread 0x00000208fd2b0390 1214       4       java.util.ArrayList::add (25 bytes)
Event: 1.108 Thread 0x00000208fd2b0390 nmethod 1214 0x00000208e9e79590 code [0x00000208e9e79720, 0x00000208e9e79fb8]
Event: 1.108 Thread 0x00000208fd2b0390 1287       4       java.util.concurrent.locks.AbstractQueuedSynchronizer::compareAndSetState (13 bytes)
Event: 1.108 Thread 0x00000208fd2b0390 nmethod 1287 0x00000208e9e7a310 code [0x00000208e9e7a480, 0x00000208e9e7a518]
Event: 1.133 Thread 0x00000208fb0a0c00 nmethod 1147 0x00000208e9e7a610 code [0x00000208e9e7a940, 0x00000208e9e80790]
Event: 1.326 Thread 0x00000208fc800680 nmethod 1036 0x00000208e9e83010 code [0x00000208e9e834e0, 0x00000208e9e95d00]
Event: 218.972 Thread 0x00000208fb0a1d50 1297       3       org.eclipse.jdt.launching.internal.org.objectweb.asm.ByteVector::<init> (12 bytes)
Event: 218.972 Thread 0x00000208fb0a1d50 nmethod 1297 0x00000208e2b03910 code [0x00000208e2b03ac0, 0x00000208e2b03d38]

GC Heap History (2 events):
Event: 0.623 GC heap before
{Heap before GC invocations=0 (full 0):
 garbage-first heap   total 194560K, used 22528K [0x0000000743600000, 0x0000000800000000)
  region size 2048K, 11 young (22528K), 0 survivors (0K)
 Metaspace       used 4572K, committed 4672K, reserved 1056768K
  class space    used 443K, committed 512K, reserved 1048576K
}
Event: 0.625 GC heap after
{Heap after GC invocations=1 (full 0):
 garbage-first heap   total 194560K, used 2560K [0x0000000743600000, 0x0000000800000000)
  region size 2048K, 2 young (4096K), 2 survivors (4096K)
 Metaspace       used 4572K, committed 4672K, reserved 1056768K
  class space    used 443K, committed 512K, reserved 1048576K
}

Deoptimization events (20 events):
Event: 0.687 Thread 0x00000208fc464030 DEOPT PACKING pc=0x00000208e9e1d248 sp=0x000000f16affde40
Event: 0.687 Thread 0x00000208fc464030 DEOPT UNPACKING pc=0x00000208e2375c23 sp=0x000000f16affddc0 mode 2
Event: 0.687 Thread 0x00000208fc464030 DEOPT PACKING pc=0x00000208e2948c04 sp=0x000000f16affdea0
Event: 0.687 Thread 0x00000208fc464030 DEOPT UNPACKING pc=0x00000208e2376763 sp=0x000000f16affd348 mode 1
Event: 0.700 Thread 0x00000208fc464030 DEOPT PACKING pc=0x00000208e29fdcdf sp=0x000000f16aff6800
Event: 0.700 Thread 0x00000208fc464030 DEOPT UNPACKING pc=0x00000208e2376763 sp=0x000000f16aff5d48 mode 0
Event: 0.785 Thread 0x00000208fc464030 Uncommon trap: trap_request=0xffffff45 fr.pc=0x00000208e9e088c0 relative=0x0000000000000040
Event: 0.785 Thread 0x00000208fc464030 Uncommon trap: reason=unstable_if action=reinterpret pc=0x00000208e9e088c0 method=java.lang.StringLatin1.canEncode(I)Z @ 4 c2
Event: 0.785 Thread 0x00000208fc464030 DEOPT PACKING pc=0x00000208e9e088c0 sp=0x000000f16affc1d0
Event: 0.785 Thread 0x00000208fc464030 DEOPT UNPACKING pc=0x00000208e2375c23 sp=0x000000f16affc170 mode 2
Event: 0.819 Thread 0x00000208fc464030 Uncommon trap: trap_request=0xffffff45 fr.pc=0x00000208e9e33e94 relative=0x0000000000000954
Event: 0.819 Thread 0x00000208fc464030 Uncommon trap: reason=unstable_if action=reinterpret pc=0x00000208e9e33e94 method=org.eclipse.jdt.launching.internal.org.objectweb.asm.ClassReader.readUtf(II[C)Ljava/lang/String; @ 41 c2
Event: 0.819 Thread 0x00000208fc464030 DEOPT PACKING pc=0x00000208e9e33e94 sp=0x000000f16aff8cf0
Event: 0.819 Thread 0x00000208fc464030 DEOPT UNPACKING pc=0x00000208e2375c23 sp=0x000000f16aff8c78 mode 2
Event: 0.838 Thread 0x00000208fc464030 DEOPT PACKING pc=0x00000208e2a0a613 sp=0x000000f16aff9040
Event: 0.838 Thread 0x00000208fc464030 DEOPT UNPACKING pc=0x00000208e2376763 sp=0x000000f16aff8530 mode 0
Event: 0.885 Thread 0x00000208fc464030 Uncommon trap: trap_request=0xffffff45 fr.pc=0x00000208e9e1e158 relative=0x00000000000004d8
Event: 0.885 Thread 0x00000208fc464030 Uncommon trap: reason=unstable_if action=reinterpret pc=0x00000208e9e1e158 method=java.util.HashMap.putVal(ILjava/lang/Object;Ljava/lang/Object;ZZ)Ljava/lang/Object; @ 162 c2
Event: 0.885 Thread 0x00000208fc464030 DEOPT PACKING pc=0x00000208e9e1e158 sp=0x000000f16affd4a0
Event: 0.885 Thread 0x00000208fc464030 DEOPT UNPACKING pc=0x00000208e2375c23 sp=0x000000f16affd460 mode 2

Classes unloaded (0 events):
No events

Classes redefined (7 events):
Event: 38.159 Thread 0x00000208fb077ea0 redefined class name=Main, count=1
Event: 134.560 Thread 0x00000208fb077ea0 redefined class name=Main, count=2
Event: 141.131 Thread 0x00000208fb077ea0 redefined class name=Main, count=3
Event: 165.781 Thread 0x00000208fb077ea0 redefined class name=Main, count=4
Event: 206.874 Thread 0x00000208fb077ea0 redefined class name=Main, count=5
Event: 214.996 Thread 0x00000208fb077ea0 redefined class name=Main, count=6
Event: 218.977 Thread 0x00000208fb077ea0 redefined class name=Main, count=7

Internal exceptions (19 events):
Event: 0.457 Thread 0x00000208daae2860 Exception <a 'java/lang/NoSuchMethodError'{0x000000074e954820}: 'java.lang.Object java.lang.invoke.DirectMethodHandle$Holder.invokeStaticInit(java.lang.Object)'> (0x000000074e954820) 
thrown [t:\workspace\open\src\hotspot\share\interpreter\linkResolver.cpp, line 766]
Event: 0.459 Thread 0x00000208daae2860 Exception <a 'java/lang/NoSuchMethodError'{0x000000074e9608f8}: 'void java.lang.invoke.DirectMethodHandle$Holder.invokeStatic(java.lang.Object, java.lang.Object)'> (0x000000074e9608f8) 
thrown [t:\workspace\open\src\hotspot\share\interpreter\linkResolver.cpp, line 766]
Event: 0.578 Thread 0x00000208daae2860 Exception <a 'java/lang/NoSuchMethodError'{0x000000074e091320}: 'void java.lang.invoke.DirectMethodHandle$Holder.invokeSpecial(java.lang.Object, java.lang.Object, java.lang.Object)'> (0x000000074e091320) 
thrown [t:\workspace\open\src\hotspot\share\interpreter\linkResolver.cpp, line 766]
Event: 0.586 Thread 0x00000208daae2860 Exception <a 'java/lang/NoSuchMethodError'{0x000000074e106d28}: 'void java.lang.invoke.DirectMethodHandle$Holder.invokeStatic(java.lang.Object, java.lang.Object, java.lang.Object)'> (0x000000074e106d28) 
thrown [t:\workspace\open\src\hotspot\share\interpreter\linkResolver.cpp, line 766]
Event: 0.612 Thread 0x00000208daae2860 Exception <a 'java/lang/NoSuchMethodError'{0x000000074e156ae0}: 'int java.lang.invoke.DirectMethodHandle$Holder.invokeStaticInit(java.lang.Object, java.lang.Object, java.lang.Object)'> (0x000000074e156ae0) 
thrown [t:\workspace\open\src\hotspot\share\interpreter\linkResolver.cpp, line 766]
Event: 0.633 Thread 0x00000208daae2860 Exception <a 'java/lang/NoSuchMethodError'{0x000000074f2d0108}: 'java.lang.Object java.lang.invoke.DirectMethodHandle$Holder.newInvokeSpecial(java.lang.Object, java.lang.Object, int, java.lang.Object)'> (0x000000074f2d0108) 
thrown [t:\workspace\open\src\hotspot\share\interpreter\linkResolver.cpp, line 766]
Event: 0.633 Thread 0x00000208daae2860 Exception <a 'java/lang/NoSuchMethodError'{0x000000074f2d44e8}: 'java.lang.Object java.lang.invoke.DirectMethodHandle$Holder.invokeSpecial(java.lang.Object, java.lang.Object, java.lang.Object, int, java.lang.Object)'> (0x000000074f2d44e8) 
thrown [t:\workspace\open\src\hotspot\share\interpreter\linkResolver.cpp, line 766]
Event: 0.684 Thread 0x00000208fc464030 Exception <a 'java/lang/NoSuchMethodError'{0x000000074ecf1c10}: 'void java.lang.invoke.DirectMethodHandle$Holder.invokeStaticInit(java.lang.Object)'> (0x000000074ecf1c10) 
thrown [t:\workspace\open\src\hotspot\share\interpreter\linkResolver.cpp, line 766]
Event: 0.687 Thread 0x00000208daae2860 Exception <a 'java/lang/NoSuchMethodError'{0x000000074f2e9578}: 'java.lang.Object java.lang.invoke.DirectMethodHandle$Holder.newInvokeSpecial(java.lang.Object, java.lang.Object, java.lang.Object, java.lang.Object, java.lang.Object, java.lang.Object)'> (0x000000074f2e9578) 
thrown [t:\workspace\open\src\hotspot\share\interpreter\linkResolver.cpp, line 766]
Event: 0.687 Thread 0x00000208fc464030 Implicit null exception at 0x00000208e9e1cdaf to 0x00000208e9e1d234
Event: 0.713 Thread 0x00000208daae2860 Exception <a 'java/lang/NoSuchMethodError'{0x000000074e947628}: 'java.lang.Object java.lang.invoke.DirectMethodHandle$Holder.newInvokeSpecial(java.lang.Object, java.lang.Object, java.lang.Object, java.lang.Object, java.lang.Object)'> (0x000000074e947628) 
thrown [t:\workspace\open\src\hotspot\share\interpreter\linkResolver.cpp, line 766]
Event: 0.714 Thread 0x00000208fca880b0 Exception <a 'java/lang/NoSuchMethodError'{0x000000074e9d61a8}: 'void java.lang.invoke.DirectMethodHandle$Holder.invokeStatic(java.lang.Object, java.lang.Object, java.lang.Object, java.lang.Object)'> (0x000000074e9d61a8) 
thrown [t:\workspace\open\src\hotspot\share\interpreter\linkResolver.cpp, line 766]
Event: 0.762 Thread 0x00000208fc464030 Exception <a 'java/lang/NoSuchMethodError'{0x000000074e0f56b8}: 'java.lang.Object java.lang.invoke.DirectMethodHandle$Holder.invokeStaticInit(java.lang.Object, java.lang.Object, java.lang.Object, java.lang.Object)'> (0x000000074e0f56b8) 
thrown [t:\workspace\open\src\hotspot\share\interpreter\linkResolver.cpp, line 766]
Event: 0.763 Thread 0x00000208fc464030 Exception <a 'java/lang/NullPointerException'{0x000000074e106078}> (0x000000074e106078) 
thrown [t:\workspace\open\src\hotspot\share\interpreter\linkResolver.cpp, line 1357]
Event: 0.787 Thread 0x00000208fc464030 Exception <a 'java/lang/ClassNotFoundException'{0x000000074dfada40}: com/sun/glass/ui/win/themes> (0x000000074dfada40) 
thrown [t:\workspace\open\src\hotspot\share\prims\jni.cpp, line 535]
Event: 0.794 Thread 0x00000208fc464030 Exception <a 'java/lang/ClassNotFoundException'{0x000000074dfc8640}: com/sun/glass/ui/win/themes_en> (0x000000074dfc8640) 
thrown [t:\workspace\open\src\hotspot\share\prims\jni.cpp, line 535]
Event: 0.795 Thread 0x00000208fc464030 Exception <a 'java/lang/ClassNotFoundException'{0x000000074dfd1438}: com/sun/glass/ui/win/themes_en_ID> (0x000000074dfd1438) 
thrown [t:\workspace\open\src\hotspot\share\prims\jni.cpp, line 535]
Event: 0.911 Thread 0x00000208fc464030 Exception <a 'java/lang/NoSuchMethodError'{0x000000074cf18a98}: 'void java.lang.invoke.DirectMethodHandle$Holder.invokeStaticInit(java.lang.Object, java.lang.Object)'> (0x000000074cf18a98) 
thrown [t:\workspace\open\src\hotspot\share\interpreter\linkResolver.cpp, line 766]
Event: 0.915 Thread 0x00000208fc464030 Exception <a 'java/lang/NoSuchMethodError'{0x000000074cfb0e70}: 'void java.lang.invoke.DirectMethodHandle$Holder.invokeSpecial(java.lang.Object, java.lang.Object, java.lang.Object, java.lang.Object, java.lang.Object)'> (0x000000074cfb0e70) 
thrown [t:\workspace\open\src\hotspot\share\interpreter\linkResolver.cpp, line 766]

VM Operations (20 events):
Event: 165.776 Executing VM operation: RedefineClasses
Event: 165.785 Executing VM operation: RedefineClasses done
Event: 184.985 Executing VM operation: get/set locals
Event: 184.986 Executing VM operation: get/set locals done
Event: 184.986 Executing VM operation: get/set locals
Event: 184.986 Executing VM operation: get/set locals done
Event: 184.986 Executing VM operation: get/set locals
Event: 184.986 Executing VM operation: get/set locals done
Event: 184.986 Executing VM operation: get/set locals
Event: 184.987 Executing VM operation: get/set locals done
Event: 184.987 Executing VM operation: get/set locals
Event: 184.987 Executing VM operation: get/set locals done
Event: 184.987 Executing VM operation: get/set locals
Event: 184.987 Executing VM operation: get/set locals done
Event: 206.872 Executing VM operation: RedefineClasses
Event: 206.876 Executing VM operation: RedefineClasses done
Event: 214.995 Executing VM operation: RedefineClasses
Event: 214.999 Executing VM operation: RedefineClasses done
Event: 218.973 Executing VM operation: RedefineClasses
Event: 218.982 Executing VM operation: RedefineClasses done

Events (20 events):
Event: 0.867 loading class java/util/AbstractList$RandomAccessSubList done
Event: 0.867 loading class java/util/AbstractList$SubList$1
Event: 0.867 loading class java/util/AbstractList$SubList$1 done
Event: 0.867 loading class java/util/AbstractList$ListItr
Event: 0.867 loading class java/util/AbstractList$ListItr done
Event: 0.911 loading class java/util/WeakHashMap$Values
Event: 0.911 loading class java/util/WeakHashMap$Values done
Event: 0.911 loading class java/util/WeakHashMap$ValueIterator
Event: 0.911 loading class java/util/WeakHashMap$ValueIterator done
Event: 0.912 loading class java/lang/CloneNotSupportedException
Event: 0.912 loading class java/lang/CloneNotSupportedException done
Event: 0.941 loading class java/util/Collections$SingletonList
Event: 0.941 loading class java/util/Collections$SingletonList done
Event: 0.947 loading class java/util/LinkedList$ListItr
Event: 0.947 loading class java/util/LinkedList$ListItr done
Event: 0.949 Thread 0x00000208fca880b0 Thread exited: 0x00000208fca880b0
Event: 0.950 Thread 0x00000208fc464030 Thread exited: 0x00000208fc464030
Event: 0.960 Thread 0x00000208fc557970 Thread exited: 0x00000208fc557970
Event: 6.113 Thread 0x00000208fd2b0390 Thread exited: 0x00000208fd2b0390
Event: 6.328 Thread 0x00000208fc800680 Thread exited: 0x00000208fc800680


Dynamic libraries:
0x00007ff6cb700000 - 0x00007ff6cb70e000 	C:\Program Files\Java\jdk-17.0.2\bin\javaw.exe
0x00007ffe61110000 - 0x00007ffe61324000 	C:\WINDOWS\SYSTEM32\ntdll.dll
0x00007ffe5fb70000 - 0x00007ffe5fc34000 	C:\WINDOWS\System32\KERNEL32.DLL
0x00007ffe5e520000 - 0x00007ffe5e8c4000 	C:\WINDOWS\System32\KERNELBASE.dll
0x00007ffe5e9f0000 - 0x00007ffe5eb01000 	C:\WINDOWS\System32\ucrtbase.dll
0x00007ffe56180000 - 0x00007ffe56198000 	C:\Program Files\Java\jdk-17.0.2\bin\jli.dll
0x00007ffe4ae40000 - 0x00007ffe4ae5a000 	C:\Program Files\Java\jdk-17.0.2\bin\VCRUNTIME140.dll
0x00007ffe5f200000 - 0x00007ffe5f3aa000 	C:\WINDOWS\System32\USER32.dll
0x00007ffe5da10000 - 0x00007ffe5dc9f000 	C:\WINDOWS\WinSxS\amd64_microsoft.windows.common-controls_6595b64144ccf1df_6.0.22621.2070_none_2713e6537381f706\COMCTL32.dll
0x00007ffe5e4f0000 - 0x00007ffe5e516000 	C:\WINDOWS\System32\win32u.dll
0x00007ffe5f4e0000 - 0x00007ffe5f587000 	C:\WINDOWS\System32\msvcrt.dll
0x00007ffe5fb40000 - 0x00007ffe5fb69000 	C:\WINDOWS\System32\GDI32.dll
0x00007ffe5e8d0000 - 0x00007ffe5e9e9000 	C:\WINDOWS\System32\gdi32full.dll
0x00007ffe5ebd0000 - 0x00007ffe5ec6a000 	C:\WINDOWS\System32\msvcp_win.dll
0x00007ffe608f0000 - 0x00007ffe60921000 	C:\WINDOWS\System32\IMM32.DLL
0x00007ffe59400000 - 0x00007ffe5940c000 	C:\Program Files\Java\jdk-17.0.2\bin\vcruntime140_1.dll
0x00007ffe4a570000 - 0x00007ffe4a5fd000 	C:\Program Files\Java\jdk-17.0.2\bin\msvcp140.dll
0x00007ffe049d0000 - 0x00007ffe05591000 	C:\Program Files\Java\jdk-17.0.2\bin\server\jvm.dll
0x00007ffe5f590000 - 0x00007ffe5f640000 	C:\WINDOWS\System32\ADVAPI32.dll
0x00007ffe60a30000 - 0x00007ffe60ad6000 	C:\WINDOWS\System32\sechost.dll
0x00007ffe60c10000 - 0x00007ffe60d27000 	C:\WINDOWS\System32\RPCRT4.dll
0x00007ffe5fb30000 - 0x00007ffe5fb38000 	C:\WINDOWS\System32\PSAPI.DLL
0x00007ffe59340000 - 0x00007ffe59349000 	C:\WINDOWS\SYSTEM32\WSOCK32.dll
0x00007ffe4dc00000 - 0x00007ffe4dc0a000 	C:\WINDOWS\SYSTEM32\VERSION.dll
0x00007ffe5eee0000 - 0x00007ffe5ef51000 	C:\WINDOWS\System32\WS2_32.dll
0x00007ffe547f0000 - 0x00007ffe54824000 	C:\WINDOWS\SYSTEM32\WINMM.dll
0x00007ffe5ccc0000 - 0x00007ffe5ccd8000 	C:\WINDOWS\SYSTEM32\kernel.appcore.dll
0x00007ffe593e0000 - 0x00007ffe593ea000 	C:\Program Files\Java\jdk-17.0.2\bin\jimage.dll
0x00007ffe5de80000 - 0x00007ffe5e0ae000 	C:\WINDOWS\SYSTEM32\DBGHELP.DLL
0x00007ffe60560000 - 0x00007ffe608ea000 	C:\WINDOWS\System32\combase.dll
0x00007ffe5f400000 - 0x00007ffe5f4d7000 	C:\WINDOWS\System32\OLEAUT32.dll
0x00007ffe5dce0000 - 0x00007ffe5dd12000 	C:\WINDOWS\SYSTEM32\dbgcore.DLL
0x00007ffe5ec70000 - 0x00007ffe5ecea000 	C:\WINDOWS\System32\bcryptPrimitives.dll
0x00007ffe4a3b0000 - 0x00007ffe4a3eb000 	C:\Program Files\Java\jdk-17.0.2\bin\jdwp.dll
0x00007ffe56020000 - 0x00007ffe5602e000 	C:\Program Files\Java\jdk-17.0.2\bin\instrument.dll
0x00007ffe4d770000 - 0x00007ffe4d795000 	C:\Program Files\Java\jdk-17.0.2\bin\java.dll
0x00007ffe32170000 - 0x00007ffe32246000 	C:\Program Files\Java\jdk-17.0.2\bin\jsvml.dll
0x00007ffe5fd40000 - 0x00007ffe60556000 	C:\WINDOWS\System32\SHELL32.dll
0x00007ffe5bae0000 - 0x00007ffe5c3ca000 	C:\WINDOWS\SYSTEM32\windows.storage.dll
0x00007ffe5b9a0000 - 0x00007ffe5bade000 	C:\WINDOWS\SYSTEM32\wintypes.dll
0x00007ffe60930000 - 0x00007ffe60a23000 	C:\WINDOWS\System32\SHCORE.dll
0x00007ffe60f00000 - 0x00007ffe60f5e000 	C:\WINDOWS\System32\shlwapi.dll
0x00007ffe5e420000 - 0x00007ffe5e446000 	C:\WINDOWS\SYSTEM32\profapi.dll
0x00007ffe56030000 - 0x00007ffe56049000 	C:\Program Files\Java\jdk-17.0.2\bin\net.dll
0x00007ffe57600000 - 0x00007ffe57737000 	C:\WINDOWS\SYSTEM32\WINHTTP.dll
0x00007ffe5d150000 - 0x00007ffe5d1b9000 	C:\WINDOWS\system32\mswsock.dll
0x00007ffe52080000 - 0x00007ffe52096000 	C:\Program Files\Java\jdk-17.0.2\bin\nio.dll
0x00007ffe4a6a0000 - 0x00007ffe4a6b8000 	C:\Program Files\Java\jdk-17.0.2\bin\zip.dll
0x00007ffe54830000 - 0x00007ffe5483c000 	C:\Program Files\Java\jdk-17.0.2\bin\dt_socket.dll
0x00007ffe5c820000 - 0x00007ffe5c84d000 	C:\WINDOWS\SYSTEM32\IPHLPAPI.DLL
0x00007ffe5c890000 - 0x00007ffe5c983000 	C:\WINDOWS\SYSTEM32\DNSAPI.dll
0x00007ffe5eed0000 - 0x00007ffe5eed9000 	C:\WINDOWS\System32\NSI.dll
0x00007ffe54620000 - 0x00007ffe5462a000 	C:\Windows\System32\rasadhlp.dll
0x00007ffe51e90000 - 0x00007ffe51f14000 	C:\WINDOWS\System32\fwpuclnt.dll
0x00007ffe54960000 - 0x00007ffe54970000 	C:\Program Files\Java\jdk-17.0.2\bin\verify.dll
0x00000208da9e0000 - 0x00000208da9e3000 	C:\openjfx-20.0.2_windows-x64_bin-sdk\javafx-sdk-20.0.2\bin\api-ms-win-core-console-l1-1-0.dll
0x00000208da9f0000 - 0x00000208da9f3000 	C:\openjfx-20.0.2_windows-x64_bin-sdk\javafx-sdk-20.0.2\bin\api-ms-win-core-console-l1-2-0.dll
0x00000208daa00000 - 0x00000208daa03000 	C:\openjfx-20.0.2_windows-x64_bin-sdk\javafx-sdk-20.0.2\bin\api-ms-win-core-datetime-l1-1-0.dll
0x00000208daa10000 - 0x00000208daa13000 	C:\openjfx-20.0.2_windows-x64_bin-sdk\javafx-sdk-20.0.2\bin\api-ms-win-core-debug-l1-1-0.dll
0x00000208daa20000 - 0x00000208daa23000 	C:\openjfx-20.0.2_windows-x64_bin-sdk\javafx-sdk-20.0.2\bin\api-ms-win-core-errorhandling-l1-1-0.dll
0x00000208daa30000 - 0x00000208daa34000 	C:\openjfx-20.0.2_windows-x64_bin-sdk\javafx-sdk-20.0.2\bin\api-ms-win-core-file-l1-1-0.dll
0x00000208daa40000 - 0x00000208daa43000 	C:\openjfx-20.0.2_windows-x64_bin-sdk\javafx-sdk-20.0.2\bin\api-ms-win-core-file-l1-2-0.dll
0x00000208daa50000 - 0x00000208daa53000 	C:\openjfx-20.0.2_windows-x64_bin-sdk\javafx-sdk-20.0.2\bin\api-ms-win-core-file-l2-1-0.dll
0x00000208daa60000 - 0x00000208daa63000 	C:\openjfx-20.0.2_windows-x64_bin-sdk\javafx-sdk-20.0.2\bin\api-ms-win-core-handle-l1-1-0.dll
0x00000208daa70000 - 0x00000208daa73000 	C:\openjfx-20.0.2_windows-x64_bin-sdk\javafx-sdk-20.0.2\bin\api-ms-win-core-heap-l1-1-0.dll
0x00000208daa80000 - 0x00000208daa83000 	C:\openjfx-20.0.2_windows-x64_bin-sdk\javafx-sdk-20.0.2\bin\api-ms-win-core-interlocked-l1-1-0.dll
0x00000208daa90000 - 0x00000208daa93000 	C:\openjfx-20.0.2_windows-x64_bin-sdk\javafx-sdk-20.0.2\bin\api-ms-win-core-libraryloader-l1-1-0.dll
0x00000208daaa0000 - 0x00000208daaa3000 	C:\openjfx-20.0.2_windows-x64_bin-sdk\javafx-sdk-20.0.2\bin\api-ms-win-core-localization-l1-2-0.dll
0x00000208fb200000 - 0x00000208fb203000 	C:\openjfx-20.0.2_windows-x64_bin-sdk\javafx-sdk-20.0.2\bin\api-ms-win-core-memory-l1-1-0.dll
0x00000208fb210000 - 0x00000208fb213000 	C:\openjfx-20.0.2_windows-x64_bin-sdk\javafx-sdk-20.0.2\bin\api-ms-win-core-namedpipe-l1-1-0.dll
0x00000208fb220000 - 0x00000208fb223000 	C:\openjfx-20.0.2_windows-x64_bin-sdk\javafx-sdk-20.0.2\bin\api-ms-win-core-processenvironment-l1-1-0.dll
0x00000208fb230000 - 0x00000208fb233000 	C:\openjfx-20.0.2_windows-x64_bin-sdk\javafx-sdk-20.0.2\bin\api-ms-win-core-processthreads-l1-1-0.dll
0x00000208fb240000 - 0x00000208fb243000 	C:\openjfx-20.0.2_windows-x64_bin-sdk\javafx-sdk-20.0.2\bin\api-ms-win-core-processthreads-l1-1-1.dll
0x00000208fb250000 - 0x00000208fb253000 	C:\openjfx-20.0.2_windows-x64_bin-sdk\javafx-sdk-20.0.2\bin\api-ms-win-core-profile-l1-1-0.dll
0x00000208fb260000 - 0x00000208fb263000 	C:\openjfx-20.0.2_windows-x64_bin-sdk\javafx-sdk-20.0.2\bin\api-ms-win-core-rtlsupport-l1-1-0.dll
0x00000208fb270000 - 0x00000208fb273000 	C:\openjfx-20.0.2_windows-x64_bin-sdk\javafx-sdk-20.0.2\bin\api-ms-win-core-string-l1-1-0.dll
0x00000208fb280000 - 0x00000208fb283000 	C:\openjfx-20.0.2_windows-x64_bin-sdk\javafx-sdk-20.0.2\bin\api-ms-win-core-synch-l1-1-0.dll
0x00000208fb290000 - 0x00000208fb293000 	C:\openjfx-20.0.2_windows-x64_bin-sdk\javafx-sdk-20.0.2\bin\api-ms-win-core-synch-l1-2-0.dll
0x00000208fb2a0000 - 0x00000208fb2a3000 	C:\openjfx-20.0.2_windows-x64_bin-sdk\javafx-sdk-20.0.2\bin\api-ms-win-core-sysinfo-l1-1-0.dll
0x00000208fb2b0000 - 0x00000208fb2b3000 	C:\openjfx-20.0.2_windows-x64_bin-sdk\javafx-sdk-20.0.2\bin\api-ms-win-core-timezone-l1-1-0.dll
0x00000208fb2c0000 - 0x00000208fb2c3000 	C:\openjfx-20.0.2_windows-x64_bin-sdk\javafx-sdk-20.0.2\bin\api-ms-win-core-util-l1-1-0.dll
0x00000208fb2d0000 - 0x00000208fb2d3000 	C:\openjfx-20.0.2_windows-x64_bin-sdk\javafx-sdk-20.0.2\bin\api-ms-win-crt-conio-l1-1-0.dll
0x00000208fb2e0000 - 0x00000208fb2e4000 	C:\openjfx-20.0.2_windows-x64_bin-sdk\javafx-sdk-20.0.2\bin\api-ms-win-crt-convert-l1-1-0.dll
0x00000208fb2f0000 - 0x00000208fb2f3000 	C:\openjfx-20.0.2_windows-x64_bin-sdk\javafx-sdk-20.0.2\bin\api-ms-win-crt-environment-l1-1-0.dll
0x00000208fb300000 - 0x00000208fb303000 	C:\openjfx-20.0.2_windows-x64_bin-sdk\javafx-sdk-20.0.2\bin\api-ms-win-crt-filesystem-l1-1-0.dll
0x00000208fb310000 - 0x00000208fb313000 	C:\openjfx-20.0.2_windows-x64_bin-sdk\javafx-sdk-20.0.2\bin\api-ms-win-crt-heap-l1-1-0.dll
0x00000208fb320000 - 0x00000208fb323000 	C:\openjfx-20.0.2_windows-x64_bin-sdk\javafx-sdk-20.0.2\bin\api-ms-win-crt-locale-l1-1-0.dll
0x00000208fb330000 - 0x00000208fb335000 	C:\openjfx-20.0.2_windows-x64_bin-sdk\javafx-sdk-20.0.2\bin\api-ms-win-crt-math-l1-1-0.dll
0x00000208fb340000 - 0x00000208fb345000 	C:\openjfx-20.0.2_windows-x64_bin-sdk\javafx-sdk-20.0.2\bin\api-ms-win-crt-multibyte-l1-1-0.dll
0x00000208fb350000 - 0x00000208fb360000 	C:\openjfx-20.0.2_windows-x64_bin-sdk\javafx-sdk-20.0.2\bin\api-ms-win-crt-private-l1-1-0.dll
0x00000208fb360000 - 0x00000208fb363000 	C:\openjfx-20.0.2_windows-x64_bin-sdk\javafx-sdk-20.0.2\bin\api-ms-win-crt-process-l1-1-0.dll
0x00000208fb370000 - 0x00000208fb374000 	C:\openjfx-20.0.2_windows-x64_bin-sdk\javafx-sdk-20.0.2\bin\api-ms-win-crt-runtime-l1-1-0.dll
0x00000208fb380000 - 0x00000208fb384000 	C:\openjfx-20.0.2_windows-x64_bin-sdk\javafx-sdk-20.0.2\bin\api-ms-win-crt-stdio-l1-1-0.dll
0x00000208fb390000 - 0x00000208fb394000 	C:\openjfx-20.0.2_windows-x64_bin-sdk\javafx-sdk-20.0.2\bin\api-ms-win-crt-string-l1-1-0.dll
0x00000208fb3a0000 - 0x00000208fb3a3000 	C:\openjfx-20.0.2_windows-x64_bin-sdk\javafx-sdk-20.0.2\bin\api-ms-win-crt-time-l1-1-0.dll
0x00000208fb3b0000 - 0x00000208fb3b3000 	C:\openjfx-20.0.2_windows-x64_bin-sdk\javafx-sdk-20.0.2\bin\api-ms-win-crt-utility-l1-1-0.dll
0x00007ffe32320000 - 0x00007ffe3241c000 	C:\openjfx-20.0.2_windows-x64_bin-sdk\javafx-sdk-20.0.2\bin\ucrtbase.dll
0x00007ffe4a510000 - 0x00007ffe4a52b000 	C:\openjfx-20.0.2_windows-x64_bin-sdk\javafx-sdk-20.0.2\bin\vcruntime140.dll
0x00007ffe4d980000 - 0x00007ffe4d98c000 	C:\openjfx-20.0.2_windows-x64_bin-sdk\javafx-sdk-20.0.2\bin\vcruntime140_1.dll
0x00007ffe49730000 - 0x00007ffe497be000 	C:\openjfx-20.0.2_windows-x64_bin-sdk\javafx-sdk-20.0.2\bin\msvcp140.dll
0x00007ffe4d8a0000 - 0x00007ffe4d8a9000 	C:\openjfx-20.0.2_windows-x64_bin-sdk\javafx-sdk-20.0.2\bin\msvcp140_1.dll
0x00007ffe4a380000 - 0x00007ffe4a3b0000 	C:\openjfx-20.0.2_windows-x64_bin-sdk\javafx-sdk-20.0.2\bin\msvcp140_2.dll
0x00007ffe4a350000 - 0x00007ffe4a37f000 	C:\openjfx-20.0.2_windows-x64_bin-sdk\javafx-sdk-20.0.2\bin\prism_d3d.dll
0x00007ffe0a000000 - 0x00007ffe0a1a9000 	C:\WINDOWS\system32\d3d9.dll
0x00007ffe5afc0000 - 0x00007ffe5afeb000 	C:\WINDOWS\SYSTEM32\dwmapi.dll
0x00007ffe5b030000 - 0x00007ffe5b068000 	C:\WINDOWS\SYSTEM32\dxcore.dll
0x00007ffe5aaf0000 - 0x00007ffe5ab9b000 	C:\WINDOWS\system32\uxtheme.dll
0x00007ffe5f040000 - 0x00007ffe5f1dc000 	C:\WINDOWS\System32\ole32.dll
0x00007ffe577c0000 - 0x00007ffe5780a000 	C:\WINDOWS\SYSTEM32\directxdatabasehelper.dll
0x00007ffe49390000 - 0x00007ffe493d2000 	C:\openjfx-20.0.2_windows-x64_bin-sdk\javafx-sdk-20.0.2\bin\glass.dll
0x00007ffe5fc40000 - 0x00007ffe5fd37000 	C:\WINDOWS\System32\COMDLG32.dll
0x00007ffe60ae0000 - 0x00007ffe60c07000 	C:\WINDOWS\System32\MSCTF.dll
0x00007ffe5e190000 - 0x00007ffe5e1ab000 	C:\WINDOWS\SYSTEM32\CRYPTSP.dll
0x00007ffe5d1c0000 - 0x00007ffe5d1f5000 	C:\WINDOWS\system32\rsaenh.dll
0x00007ffe5d420000 - 0x00007ffe5d42c000 	C:\WINDOWS\SYSTEM32\CRYPTBASE.dll
0x00007ffe5ddb0000 - 0x00007ffe5ddd8000 	C:\WINDOWS\SYSTEM32\bcrypt.dll
0x00007ffe4a470000 - 0x00007ffe4a484000 	C:\openjfx-20.0.2_windows-x64_bin-sdk\javafx-sdk-20.0.2\bin\javafx_font.dll

dbghelp: loaded successfully - version: 4.0.5 - missing functions: none
symbol engine: initialized successfully - sym options: 0x614 - pdb path: .;C:\Program Files\Java\jdk-17.0.2\bin;C:\WINDOWS\SYSTEM32;C:\WINDOWS\WinSxS\amd64_microsoft.windows.common-controls_6595b64144ccf1df_6.0.22621.2070_none_2713e6537381f706;C:\Program Files\Java\jdk-17.0.2\bin\server;C:\openjfx-20.0.2_windows-x64_bin-sdk\javafx-sdk-20.0.2\bin;C:\WINDOWS\System32\DriverStore\FileRepository\iigd_dch.inf_amd64_e45b0f7027b35a24

VM Arguments:
jvm_args: -XX:+ShowCodeDetailsInExceptionMessages -agentlib:jdwp=transport=dt_socket,suspend=y,address=localhost:62072 --module-path=C:\openjfx-20.0.2_windows-x64_bin-sdk\javafx-sdk-20.0.2\lib --add-modules=javafx.controls,javafx.fxml -javaagent:C:\Users\Lenovo\eclipse\java-2023-06\eclipse\configuration\org.eclipse.osgi\248\0\.cp\lib\javaagent-shaded.jar -Dfile.encoding=windows-1252 --module-path=C:\openjfx-20.0.2_windows-x64_bin-sdk\javafx-sdk-20.0.2\lib\javafx.base.jar;C:\openjfx-20.0.2_windows-x64_bin-sdk\javafx-sdk-20.0.2\lib\javafx.controls.jar;C:\openjfx-20.0.2_windows-x64_bin-sdk\javafx-sdk-20.0.2\lib\javafx.fxml.jar;C:\openjfx-20.0.2_windows-x64_bin-sdk\javafx-sdk-20.0.2\lib\javafx.graphics.jar;C:\openjfx-20.0.2_windows-x64_bin-sdk\javafx-sdk-20.0.2\lib\javafx.media.jar;C:\openjfx-20.0.2_windows-x64_bin-sdk\javafx-sdk-20.0.2\lib\javafx.swing.jar;C:\openjfx-20.0.2_windows-x64_bin-sdk\javafx-sdk-20.0.2\lib\javafx.web.jar;C:\openjfx-20.0.2_windows-x64_bin-sdk\javafx-sdk-20.0.2\lib\javafx-swt.jar 
java_command: Main
java_class_path (initial): C:\Users\Lenovo\eclipse-workspace\Java-6\bin;C:\JFXtras-lab\jfxtras-common-8.0-r4.jar;C:\JFXtras-lab\jfxtras-controls-8.0-r4.jar;C:\JFXtras-lab\jfxtras-fxml-8.0-r4.jar;C:\JFXtras-lab\jfxtras-labs-8.0-r4.jar
Launcher Type: SUN_STANDARD

[Global flags]
     intx CICompilerCount                          = 4                                         {product} {ergonomic}
     uint ConcGCThreads                            = 2                                         {product} {ergonomic}
     uint G1ConcRefinementThreads                  = 8                                         {product} {ergonomic}
   size_t G1HeapRegionSize                         = 2097152                                   {product} {ergonomic}
    uintx GCDrainStackTargetSize                   = 64                                        {product} {ergonomic}
   size_t InitialHeapSize                          = 199229440                                 {product} {ergonomic}
   size_t MarkStackSize                            = 4194304                                   {product} {ergonomic}
   size_t MaxHeapSize                              = 3164602368                                {product} {ergonomic}
   size_t MaxNewSize                               = 1897922560                                {product} {ergonomic}
   size_t MinHeapDeltaBytes                        = 2097152                                   {product} {ergonomic}
   size_t MinHeapSize                              = 8388608                                   {product} {ergonomic}
    uintx NonNMethodCodeHeapSize                   = 5839372                                {pd product} {ergonomic}
    uintx NonProfiledCodeHeapSize                  = 122909434                              {pd product} {ergonomic}
    uintx ProfiledCodeHeapSize                     = 122909434                              {pd product} {ergonomic}
    uintx ReservedCodeCacheSize                    = 251658240                              {pd product} {ergonomic}
     bool SegmentedCodeCache                       = true                                      {product} {ergonomic}
     bool ShowCodeDetailsInExceptionMessages       = true                                   {manageable} {command line}
   size_t SoftMaxHeapSize                          = 3164602368                             {manageable} {ergonomic}
     bool UseCompressedClassPointers               = true                           {product lp64_product} {ergonomic}
     bool UseCompressedOops                        = true                           {product lp64_product} {ergonomic}
     bool UseG1GC                                  = true                                      {product} {ergonomic}
     bool UseLargePagesIndividualAllocation        = false                                  {pd product} {ergonomic}

Logging:
Log output configuration:
 #0: stdout all=warning uptime,level,tags
 #1: stderr all=off uptime,level,tags

Environment Variables:
JAVA_HOME=C:\Program Files\Java\jdk1.8.0_291
PATH=C:/Program Files/Java/jdk-17.0.2/bin/server;C:/Program Files/Java/jdk-17.0.2/bin;C:\Program Files (x86)\Common Files\Intel\Shared Libraries\redist\intel64\compiler;C:\Program Files\Microsoft MPI\Bin\;C:\Windows\system32;C:\Windows;C:\Windows\System32\Wbem;C:\Windows\System32\WindowsPowerShell\v1.0\;C:\Windows\System32\OpenSSH\;C:\Program Files (x86)\NVIDIA Corporation\PhysX\Common;C:\Program Files\NVIDIA Corporation\NVIDIA NvDLISR;C:\xampp\php;C:\Program Files (x86)\Microsoft SQL Server\150\Tools\Binn\;C:\Program Files\Microsoft SQL Server\150\Tools\Binn\;C:\Program Files\Microsoft SQL Server\150\DTS\Binn\;C:\Program Files\Microsoft SQL Server\Client SDK\ODBC\170\Tools\Binn\;C:\WINDOWS\system32;C:\WINDOWS;C:\WINDOWS\System32\Wbem;C:\WINDOWS\System32\WindowsPowerShell\v1.0\;C:\WINDOWS\System32\OpenSSH\;C:\ProgramData\ComposerSetup\bin;C:\Program Files\PowerShell\7\;C:\ProgramData\chocolatey\bin;C:\Users\Lenovo\AppData\Local\Programs\Microsoft VS Code\bin;C:\Users\Lenovo\AppData\Roaming\nvm;C:\Program Files\nodejs;C:\Program Files\Go\bin;C:\WINDOWS\system32;C:\WINDOWS;C:\WINDOWS\System32\Wbem;C:\WINDOWS\System32\WindowsPowerShell\v1.0\;C:\WINDOWS\System32\OpenSSH\;C:\php;C:\apache-maven-3.8.1\bin;C:\Program Files\Git\cmd;C:\Program Files\Java\jdk-17.0.2\bin;C:\Program Files\Docker\Docker\resources\bin;C:\sonar-scanner-4.8.0.2856-windows\bin;C:\Users\Lenovo\AppData\Local\Programs\Python\Python311\Scripts\;C:\Users\Lenovo\AppData\Local\Programs\Python\Python311\;C:\Users\Lenovo\AppData\Roaming\nvm;C:\Program Files\nodejs;C:\flutter\bin;;C:\Program Files\JetBrains\DataGrip 2022.2.5\bin;C:\Program Files\JetBrains\PyCharm 2022.2.2\bin;C:\Program Files\heroku\bin;C:\Users\Lenovo\go\bin;C:\Users\Lenovo\.fly\bin;C:\Users\Lenovo\AppData\Local\Microsoft\WindowsApps;C:\Program Files\JetBrains\IntelliJ IDEA 2022.3.2\bin;;C:\Program Files\JetBrains\DataGrip 2022.3.3\bin;;C:\Program Files\JetBrains\IntelliJ IDEA Community Edition 2023.1.2\bin;;C:\Users\Lenovo\AppData\Local\Progra
USERNAME=Lenovo
OS=Windows_NT
PROCESSOR_IDENTIFIER=Intel64 Family 6 Model 140 Stepping 1, GenuineIntel



---------------  S Y S T E M  ---------------

OS:
 Windows 11 , 64 bit Build 22621 (10.0.22621.2070)
OS uptime: 0 days 18:14 hours
Hyper-V role detected

CPU: total 8 (initial active 8) (4 cores per cpu, 2 threads per core) family 6 model 140 stepping 1 microcode 0xa4, cx8, cmov, fxsr, ht, mmx, 3dnowpref, sse, sse2, sse3, ssse3, sse4.1, sse4.2, popcnt, lzcnt, tsc, tscinvbit, avx, avx2, aes, erms, clmul, bmi1, bmi2, adx, avx512f, avx512dq, avx512cd, avx512bw, avx512vl, sha, fma, vzeroupper, avx512_vpopcntdq, avx512_vpclmulqdq, avx512_vaes, avx512_vnni, clflush, clflushopt, clwb, avx512_vbmi2, avx512_vbmi, hv

Memory: 4k page, system-wide physical 12071M (3875M free)
TotalPageFile size 22823M (AvailPageFile size 9548M)
current process WorkingSet (physical memory assigned to process): 95M, peak: 169M
current process commit charge ("private bytes"): 289M, peak: 373M

vm_info: OpenJDK 64-Bit Server VM (17.0.2+8-86) for windows-amd64 JRE (17.0.2+8-86), built on Dec  7 2021 21:49:10 by "mach5one" with MS VC++ 16.8 / 16.9 (VS2019)

END.
